d:\documents\vadims_seimanovs,sgb509,@00490916\raaassignment2\raaassignment2\x64\debug\vc142.pdb
d:\documents\vadims_seimanovs,sgb509,@00490916\raaassignment2\raaassignment2\x64\debug\vc142.idb
d:\documents\vadims_seimanovs,sgb509,@00490916\raaassignment2\raaassignment2\x64\debug\vstrafficlightfacarde.obj
d:\documents\vadims_seimanovs,sgb509,@00490916\raaassignment2\raaassignment2\x64\debug\raatrafficsystem.obj
d:\documents\vadims_seimanovs,sgb509,@00490916\raaassignment2\raaassignment2\x64\debug\raaswitchactivator.obj
d:\documents\vadims_seimanovs,sgb509,@00490916\raaassignment2\raaassignment2\x64\debug\raaroadtilefacarde.obj
d:\documents\vadims_seimanovs,sgb509,@00490916\raaassignment2\raaassignment2\x64\debug\raanodecallbackfacarde.obj
d:\documents\vadims_seimanovs,sgb509,@00490916\raaassignment2\raaassignment2\x64\debug\raainputcontroller.obj
d:\documents\vadims_seimanovs,sgb509,@00490916\raaassignment2\raaassignment2\x64\debug\raafinder.obj
d:\documents\vadims_seimanovs,sgb509,@00490916\raaassignment2\raaassignment2\x64\debug\raafacarde.obj
d:\documents\vadims_seimanovs,sgb509,@00490916\raaassignment2\raaassignment2\x64\debug\raacollisiontarget.obj
d:\documents\vadims_seimanovs,sgb509,@00490916\raaassignment2\raaassignment2\x64\debug\raacarfacarde.obj
d:\documents\vadims_seimanovs,sgb509,@00490916\raaassignment2\raaassignment2\x64\debug\raaboundcalculator.obj
d:\documents\vadims_seimanovs,sgb509,@00490916\raaassignment2\raaassignment2\x64\debug\raaassignment2.obj
d:\documents\vadims_seimanovs,sgb509,@00490916\raaassignment2\raaassignment2\x64\debug\raaassetlibrary.obj
d:\documents\vadims_seimanovs,sgb509,@00490916\raaassignment2\raaassignment2\x64\debug\raaanimationpointfinder.obj
d:\documents\vadims_seimanovs,sgb509,@00490916\raaassignment2\raaassignment2\x64\debug\raaanimationpathcallback.obj
d:\documents\vadims_seimanovs,sgb509,@00490916\raaassignment2\raaassignment2\x64\debug\raaanimatedfacarde.obj
d:\documents\vadims_seimanovs,sgb509,@00490916\raaassignment2.ilk
d:\documents\vadims_seimanovs,sgb509,@00490916\raaassignment2.exe
d:\documents\vadims_seimanovs,sgb509,@00490916\raaassignment2.pdb
d:\documents\vadims_seimanovs,sgb509,@00490916\raaassignment2\raaassignment2\..\..\raaassignment2.exe
d:\documents\vadims_seimanovs,sgb509,@00490916\raaassignment2\raaassignment2\x64\debug\raaassignment2.tlog\cl.command.1.tlog
d:\documents\vadims_seimanovs,sgb509,@00490916\raaassignment2\raaassignment2\x64\debug\raaassignment2.tlog\cl.read.1.tlog
d:\documents\vadims_seimanovs,sgb509,@00490916\raaassignment2\raaassignment2\x64\debug\raaassignment2.tlog\cl.write.1.tlog
d:\documents\vadims_seimanovs,sgb509,@00490916\raaassignment2\raaassignment2\x64\debug\raaassignment2.tlog\link.command.1.tlog
d:\documents\vadims_seimanovs,sgb509,@00490916\raaassignment2\raaassignment2\x64\debug\raaassignment2.tlog\link.read.1.tlog
d:\documents\vadims_seimanovs,sgb509,@00490916\raaassignment2\raaassignment2\x64\debug\raaassignment2.tlog\link.write.1.tlog
